<?xml version="1.0" encoding="UTF-8"?>
<!-- Generated by org.testng.reporters.JUnitXMLReporter -->
<testsuite hostname="W1651570" ignored="0" name="CSD Automation Test Cases" tests="5" failures="1" timestamp="07 Feb 2018 11:52:27 GMT" time="125.574" errors="0">
  <testcase name="showIncidentContractsTest" time="0.128" classname="com.csd.testcases.CSDIncidentContractPageTest"/>
  <testcase name="showIncidentNameandTimeTest" time="0.025" classname="com.csd.testcases.CSDIncidentDetailsPage"/>
  <testcase name="showMessageSentFromIncidentTest" time="0.025" classname="com.csd.testcases.CSDIncidentDetailsPage"/>
  <testcase name="addPreferencesTest" time="1.501" classname="com.csd.testcases.CSDPreferencesPageTest"/>
  <testcase name="verifyHomePageTitleTest" time="0.018" classname="com.csd.testcases.CSDHomePageTest">
    <failure type="java.lang.AssertionError" message="Home Page title not matched expected [CSD | Clients] but found [Now returning to Cerner Status Dashboard]">
      <![CDATA[java.lang.AssertionError: Home Page title not matched expected [CSD | Clients] but found [Now returning to Cerner Status Dashboard]at com.csd.testcases.CSDHomePageTest.verifyHomePageTitleTest(CSDHomePageTest.java:52)... Removed 30 stack frames]]>
    </failure>
  </testcase> <!-- verifyHomePageTitleTest -->
</testsuite> <!-- CSD Automation Test Cases -->
